<?xml version="1.0" encoding="UTF-8"?>
<testng-results skipped="0" failed="0" total="1" passed="1">
  <reporter-output>
  </reporter-output>
  <suite name="Default suite" duration-ms="235428" started-at="2017-09-25T06:13:04Z" finished-at="2017-09-25T06:17:00Z">
    <groups>
    </groups>
    <test name="Default test" duration-ms="235428" started-at="2017-09-25T06:13:04Z" finished-at="2017-09-25T06:17:00Z">
      <class name="adminpanel.Admintestflow">
        <test-method status="PASS" signature="setup()[pri:0, instance:adminpanel.Admintestflow@146ba0ac]" name="setup" is-config="true" duration-ms="8602" started-at="2017-09-25T11:43:04Z" finished-at="2017-09-25T11:43:13Z">
          <reporter-output>
          </reporter-output>
        </test-method> <!-- setup -->
        <test-method status="PASS" signature="adminflow()[pri:0, instance:adminpanel.Admintestflow@146ba0ac]" name="adminflow" duration-ms="226799" started-at="2017-09-25T11:43:13Z" finished-at="2017-09-25T11:47:00Z">
          <reporter-output>
          </reporter-output>
        </test-method> <!-- adminflow -->
      </class> <!-- adminpanel.Admintestflow -->
    </test> <!-- Default test -->
  </suite> <!-- Default suite -->
</testng-results>
