<?xml version="1.0" encoding="UTF-8"?>
<!-- Generated by org.testng.reporters.JUnitXMLReporter -->
<testsuite hostname="user-PC" name="Cartpage" tests="45" failures="0" timestamp="9 Sep 2017 05:38:29 GMT" time="2271.0" errors="0">
  <testcase name="testproductsthroughexcel" time="40.086" classname="com.guarented.ecommerce.Testplans.SignuppageTestPlan"/>
  <testcase name="testproductsthroughexcel" time="40.026" classname="com.guarented.ecommerce.Testplans.SignuppageTestPlan"/>
  <testcase name="testproductsthroughexcel" time="40.184" classname="com.guarented.ecommerce.Testplans.SignuppageTestPlan"/>
  <testcase name="testproductsthroughexcel" time="40.363" classname="com.guarented.ecommerce.Testplans.SignuppageTestPlan"/>
  <testcase name="testproductsthroughexcel" time="40.146" classname="com.guarented.ecommerce.Testplans.SignuppageTestPlan"/>
  <testcase name="testproductsthroughexcel" time="40.223" classname="com.guarented.ecommerce.Testplans.SignuppageTestPlan"/>
  <testcase name="testproductsthroughexcel" time="40.246" classname="com.guarented.ecommerce.Testplans.SignuppageTestPlan"/>
  <testcase name="testproductsthroughexcel" time="40.334" classname="com.guarented.ecommerce.Testplans.SignuppageTestPlan"/>
  <testcase name="testproductsthroughexcel" time="41.415" classname="com.guarented.ecommerce.Testplans.SignuppageTestPlan"/>
  <testcase name="testproductsthroughexcel" time="41.791" classname="com.guarented.ecommerce.Testplans.SignuppageTestPlan"/>
  <testcase name="testproductsthroughexcel" time="43.171" classname="com.guarented.ecommerce.Testplans.SignuppageTestPlan"/>
  <testcase name="testproductsthroughexcel" time="48.392" classname="com.guarented.ecommerce.Testplans.SignuppageTestPlan"/>
  <testcase name="testproductsthroughexcel" time="44.016" classname="com.guarented.ecommerce.Testplans.SignuppageTestPlan"/>
  <testcase name="testproductsthroughexcel" time="43.409" classname="com.guarented.ecommerce.Testplans.SignuppageTestPlan"/>
  <testcase name="testproductsthroughexcel" time="45.294" classname="com.guarented.ecommerce.Testplans.SignuppageTestPlan"/>
  <testcase name="testproductsthroughexcel" time="43.446" classname="com.guarented.ecommerce.Testplans.SignuppageTestPlan"/>
  <testcase name="testproductsthroughexcel" time="42.132" classname="com.guarented.ecommerce.Testplans.SignuppageTestPlan"/>
  <testcase name="testproductsthroughexcel" time="41.602" classname="com.guarented.ecommerce.Testplans.SignuppageTestPlan"/>
  <testcase name="testproductsthroughexcel" time="41.582" classname="com.guarented.ecommerce.Testplans.SignuppageTestPlan"/>
  <testcase name="testproductsthroughexcel" time="41.619" classname="com.guarented.ecommerce.Testplans.SignuppageTestPlan"/>
  <testcase name="testproductsthroughexcel" time="41.994" classname="com.guarented.ecommerce.Testplans.SignuppageTestPlan"/>
  <testcase name="testproductsthroughexcel" time="41.76" classname="com.guarented.ecommerce.Testplans.SignuppageTestPlan"/>
  <testcase name="testproductsthroughexcel" time="41.797" classname="com.guarented.ecommerce.Testplans.SignuppageTestPlan"/>
  <testcase name="testproductsthroughexcel" time="41.462" classname="com.guarented.ecommerce.Testplans.SignuppageTestPlan"/>
  <testcase name="testproductsthroughexcel" time="41.883" classname="com.guarented.ecommerce.Testplans.SignuppageTestPlan"/>
  <testcase name="testproductsthroughexcel" time="41.451" classname="com.guarented.ecommerce.Testplans.SignuppageTestPlan"/>
  <testcase name="testproductsthroughexcel" time="40.379" classname="com.guarented.ecommerce.Testplans.SignuppageTestPlan"/>
  <testcase name="testproductsthroughexcel" time="40.433" classname="com.guarented.ecommerce.Testplans.SignuppageTestPlan"/>
  <testcase name="testproductsthroughexcel" time="40.129" classname="com.guarented.ecommerce.Testplans.SignuppageTestPlan"/>
  <testcase name="testproductsthroughexcel" time="40.132" classname="com.guarented.ecommerce.Testplans.SignuppageTestPlan"/>
  <testcase name="testproductsthroughexcel" time="40.062" classname="com.guarented.ecommerce.Testplans.SignuppageTestPlan"/>
  <testcase name="testproductsthroughexcel" time="40.134" classname="com.guarented.ecommerce.Testplans.SignuppageTestPlan"/>
  <testcase name="testproductsthroughexcel" time="40.216" classname="com.guarented.ecommerce.Testplans.SignuppageTestPlan"/>
  <testcase name="testproductsthroughexcel" time="40.302" classname="com.guarented.ecommerce.Testplans.SignuppageTestPlan"/>
  <testcase name="testproductsthroughexcel" time="40.298" classname="com.guarented.ecommerce.Testplans.SignuppageTestPlan"/>
  <testcase name="testproductsthroughexcel" time="40.364" classname="com.guarented.ecommerce.Testplans.SignuppageTestPlan"/>
  <testcase name="testproductsthroughexcel" time="40.401" classname="com.guarented.ecommerce.Testplans.SignuppageTestPlan"/>
  <testcase name="testproductsthroughexcel" time="40.437" classname="com.guarented.ecommerce.Testplans.SignuppageTestPlan"/>
  <testcase name="testproductsthroughexcel" time="40.523" classname="com.guarented.ecommerce.Testplans.SignuppageTestPlan"/>
  <testcase name="testproductsthroughexcel" time="40.622" classname="com.guarented.ecommerce.Testplans.SignuppageTestPlan"/>
  <testcase name="testproductsthroughexcel" time="44.655" classname="com.guarented.ecommerce.Testplans.SignuppageTestPlan"/>
  <testcase name="testproductsthroughexcel" time="42.779" classname="com.guarented.ecommerce.Testplans.SignuppageTestPlan"/>
  <testcase name="testproductsthroughexcel" time="43.886" classname="com.guarented.ecommerce.Testplans.SignuppageTestPlan"/>
  <testcase name="testproductsthroughexcel" time="40.543" classname="com.guarented.ecommerce.Testplans.SignuppageTestPlan"/>
  <testcase name="testproductsthroughexcel" time="40.089" classname="com.guarented.ecommerce.Testplans.SignuppageTestPlan"/>
</testsuite> <!-- Cartpage -->
