<?xml version="1.0" encoding="UTF-8"?>
<testng-results skipped="0" failed="0" total="1" passed="1">
  <reporter-output>
  </reporter-output>
  <suite name="sanity" duration-ms="61040" started-at="2017-10-02T09:48:49Z" finished-at="2017-10-02T09:49:50Z">
    <groups>
    </groups>
    <test name="Cartpage" duration-ms="61040" started-at="2017-10-02T09:48:49Z" finished-at="2017-10-02T09:49:50Z">
      <class name="com.guarented.ecommerce.Testplans.CartPageTestPlan">
        <test-method status="PASS" signature="setUp()[pri:0, instance:com.guarented.ecommerce.Testplans.CartPageTestPlan@6615435c]" name="setUp" is-config="true" duration-ms="325" started-at="2017-10-02T15:18:49Z" finished-at="2017-10-02T15:18:49Z">
          <reporter-output>
          </reporter-output>
        </test-method> <!-- setUp -->
        <test-method status="PASS" signature="setUP()[pri:0, instance:com.guarented.ecommerce.Testplans.CartPageTestPlan@6615435c]" name="setUP" is-config="true" duration-ms="8610" started-at="2017-10-02T15:18:49Z" finished-at="2017-10-02T15:18:58Z">
          <reporter-output>
          </reporter-output>
        </test-method> <!-- setUP -->
        <test-method status="PASS" signature="calculatepriceincartpagewrtoitems()[pri:0, instance:com.guarented.ecommerce.Testplans.CartPageTestPlan@6615435c]" name="calculatepriceincartpagewrtoitems" duration-ms="52408" started-at="2017-10-02T15:18:58Z" finished-at="2017-10-02T15:19:50Z">
          <reporter-output>
          </reporter-output>
        </test-method> <!-- calculatepriceincartpagewrtoitems -->
        <test-method status="PASS" signature="getResult(org.testng.ITestResult)[pri:0, instance:com.guarented.ecommerce.Testplans.CartPageTestPlan@6615435c]" name="getResult" is-config="true" duration-ms="9" started-at="2017-10-02T15:19:50Z" finished-at="2017-10-02T15:19:50Z">
          <params>
            <param index="0">
              <value>
                <![CDATA[[TestResult name=calculatepriceincartpagewrtoitems status=SUCCESS method=CartPageTestPlan.calculatepriceincartpagewrtoitems()[pri:0, instance:com.guarented.ecommerce.Testplans.CartPageTestPlan@6615435c] output={null}]]]>
              </value>
            </param>
          </params>
          <reporter-output>
          </reporter-output>
        </test-method> <!-- getResult -->
        <test-method status="PASS" signature="tearDown()[pri:0, instance:com.guarented.ecommerce.Testplans.CartPageTestPlan@6615435c]" name="tearDown" is-config="true" duration-ms="420" started-at="2017-10-02T15:19:50Z" finished-at="2017-10-02T15:19:50Z">
          <reporter-output>
          </reporter-output>
        </test-method> <!-- tearDown -->
      </class> <!-- com.guarented.ecommerce.Testplans.CartPageTestPlan -->
    </test> <!-- Cartpage -->
  </suite> <!-- sanity -->
</testng-results>
